<?xml version="1.0" encoding="UTF-8"?>
<!-- Generated by org.testng.reporters.JUnitXMLReporter -->
<testsuite ignored="1" hostname="DESKTOP-DV6TED6" failures="0" tests="3" name="edge test" time="105.362" errors="0" timestamp="2023-09-04T09:12:27 IST">
  <testcase classname="com.QALegendBilling.testscript.LoginTest" name="Tc_002verifyInValidLogin" time="0.001">
    <skipped/>
  </testcase> <!-- Tc_002verifyInValidLogin -->
  <testcase classname="com.QALegendBilling.testscript.LoginTest" name="Tc_002verifyInValidLogin" time="0.0">
    <skipped/>
  </testcase> <!-- Tc_002verifyInValidLogin -->
  <testcase classname="com.QALegendBilling.testscript.LoginTest" name="Tc_002verifyInValidLogin" time="0.0">
    <skipped/>
  </testcase> <!-- Tc_002verifyInValidLogin -->
  <testcase classname="com.QALegendBilling.testscript.LoginTest" name="Tc_001verify_Valid_Login" time="0.0">
    <ignored/>
  </testcase> <!-- Tc_001verify_Valid_Login -->
</testsuite> <!-- edge test -->
