<?xml version="1.0" encoding="UTF-8"?>
<!-- Generated by org.testng.reporters.JUnitXMLReporter -->
<testsuite ignored="2" hostname="DESKTOP-DV6TED6" failures="0" tests="0" time="0.003" errors="0" timestamp="2023-09-04T22:59:46 IST">
  <testcase classname="com.QALegendBilling.testscript.LoginTest" name="Tc_001verify_Valid_Login" time="0.0">
    <ignored/>
  </testcase> <!-- Tc_001verify_Valid_Login -->
  <testcase classname="com.QALegendBilling.testscript.LoginTest" name="Tc_002verifyInValidLogin" time="0.0">
    <ignored/>
  </testcase> <!-- Tc_002verifyInValidLogin -->
</testsuite>
