<?xml version="1.0" encoding="UTF-8"?>
<!-- Generated by org.testng.reporters.JUnitXMLReporter -->
<testsuite ignored="4" hostname="DESKTOP-DV6TED6" failures="0" tests="4" name="parameters testing-grouping" time="105.116" errors="0" timestamp="2023-09-05T08:41:17 IST">
  <testcase classname="com.QALegendBilling.testscript.LoginTest" name="Tc_001verify_Valid_Login" time="49.079"/>
  <testcase classname="com.QALegendBilling.testscript.LoginTest" name="Tc_002verifyInValidLogin" time="1.493"/>
  <testcase classname="com.QALegendBilling.testscript.LoginTest" name="Tc_002verifyInValidLogin" time="1.643"/>
  <testcase classname="com.QALegendBilling.testscript.LoginTest" name="Tc_002verifyInValidLogin" time="1.546"/>
  <testcase classname="com.QALegendBilling.testscript.SignoutTest" name="TC_004_verify_valid_UserSignout" time="0.0">
    <ignored/>
  </testcase> <!-- TC_004_verify_valid_UserSignout -->
  <testcase classname="com.QALegendBilling.testscript.ResetTest" name="TC_003_verify_Reset_passwordWith_InavlidemailID" time="0.0">
    <ignored/>
  </testcase> <!-- TC_003_verify_Reset_passwordWith_InavlidemailID -->
  <testcase classname="com.QALegendBilling.testscript.UserTest" name="Tc_006_verify_Add_User" time="0.0">
    <ignored/>
  </testcase> <!-- Tc_006_verify_Add_User -->
  <testcase classname="com.QALegendBilling.testscript.UseManagementTest" name="Tc_005_verify_UserManagenetTabsAndDisplay" time="0.0">
    <ignored/>
  </testcase> <!-- Tc_005_verify_UserManagenetTabsAndDisplay -->
</testsuite> <!-- parameters testing-grouping -->
